#
# A fatal error has been detected by the Java Runtime Environment:
#
#  SIGSEGV (0xb) at pc=0x00000001412cf57f, pid=10205, tid=14595
#
# JRE version: Java(TM) SE Runtime Environment (8.0_20-b26) (build 1.8.0_20-b26)
# Java VM: Java HotSpot(TM) 64-Bit Server VM (25.20-b23 mixed mode bsd-amd64 compressed oops)
# Problematic frame:
# C  [libortools.dylib+0x32e57f]  _ZN19operations_research12RoutingModelD2Ev+0x2f
#
# Failed to write core dump. Core dumps have been disabled. To enable core dumping, try "ulimit -c unlimited" before starting Java again
#
# If you would like to submit a bug report, please visit:
#   http://bugreport.sun.com/bugreport/crash.jsp
# The crash happened outside the Java Virtual Machine in native code.
# See problematic frame for where to report the bug.
#

---------------  T H R E A D  ---------------

Current thread (0x00007fe314806000):  JavaThread "Finalizer" daemon [_thread_in_native, id=14595, stack(0x0000700010601000,0x0000700010701000)]

siginfo: si_signo: 11 (SIGSEGV), si_code: 0 (unknown), si_addr: 0x0000000000000000

Registers:
RAX=0xf00007fe3136a078, RBX=0x0000000000000000, RCX=0x000000010cdd5c80, RDX=0x00007fe314b96400
RSP=0x00007000107006b0, RBP=0x00007000107006d0, RSI=0x0000700010700760, RDI=0x00007fe31c9bb5d0
R8 =0x0000000000000003, R9 =0x00007fe31c9d28f0, R10=0xffffffffffffffff, R11=0x00000001412cf550
R12=0x0000000000000000, R13=0x00000001420b4d70, R14=0x0000700010700778, R15=0x00007fe314b96400
RIP=0x00000001412cf57f, EFLAGS=0x0000000000010202, ERR=0x0000000000000000
  TRAPNO=0x000000000000000d

Top of Stack: (sp=0x00007000107006b0)
0x00007000107006b0:   00007fe314b96400 0000000000000000
0x00007000107006c0:   0000700010700778 00007fe314806000
0x00007000107006d0:   00007000107006f0 0000000140e0a8d6
0x00007000107006e0:   0000000140e0a8c0 00000001420b4d70
0x00007000107006f0:   0000700010700750 0000000114bd2694
0x0000700010700700:   0000000114bde563 0000000114bd23e2
0x0000700010700710:   0000700010700710 00000001420b4d70
0x0000700010700720:   0000700010700778 00000001420c3180
0x0000700010700730:   0000000000000000 00000001420b4d70
0x0000700010700740:   0000000000000000 0000700010700770
0x0000700010700750:   00007000107007d0 0000000114bc498d
0x0000700010700760:   000000076eb354b8 0000000114bcc2b8
0x0000700010700770:   00007fe314b96400 000000076f0da490
0x0000700010700780:   0000700000000000 000000076f0da490
0x0000700010700790:   0000700010700780 000000014205f3f9
0x00007000107007a0:   00007000107007e0 0000000142065d50
0x00007000107007b0:   0000000000000000 000000014205f410
0x00007000107007c0:   0000700010700770 00007000107007e0
0x00007000107007d0:   0000700010700828 0000000114bc498d
0x00007000107007e0:   000000076f0da490 00007000107007e8
0x00007000107007f0:   000000014205f349 0000700010700838
0x0000700010700800:   0000000142065d50 0000000000000000
0x0000700010700810:   000000014205f358 00007000107007e0
0x0000700010700820:   0000700010700840 0000700010700948
0x0000700010700830:   0000000114f57414 000000076f0da490
0x0000700010700840:   0000700010700888 00000006c0145778
0x0000700010700850:   0000000136328730 00000006c0145758
0x0000700010700860:   00007000107008a0 00000006c0145758
0x0000700010700870:   000000076ef5d840 00000006c0161530
0x0000700010700880:   0000000000000011 000000076ef5d840
0x0000700010700890:   00000006c0145778 0000000000000206
0x00007000107008a0:   0000700010700948 0000000114e503dc 

Instructions: (pc=0x00000001412cf57f)
0x00000001412cf55f:   8b 87 e0 04 00 00 48 85 c0 74 20 48 89 c3 0f 1f
0x00000001412cf56f:   00 48 8b 1b 48 8b 78 10 48 85 ff 74 06 48 8b 07
0x00000001412cf57f:   ff 50 08 48 85 db 48 89 d8 75 e6 49 83 bf e8 04
0x00000001412cf58f:   00 00 00 0f 84 37 01 00 00 49 8b bf e0 04 00 00 

Register to memory mapping:

RAX=0xf00007fe3136a078 is an unknown value
RBX=0x0000000000000000 is an unknown value
RCX=0x000000010cdd5c80: UseMembar+0 in /Library/Java/JavaVirtualMachines/jdk1.8.0_20.jdk/Contents/Home/jre/lib/server/libjvm.dylib at 0x000000010c600000
RDX=0x00007fe314b96400 is an unknown value
RSP=0x00007000107006b0 is pointing into the stack for thread: 0x00007fe314806000
RBP=0x00007000107006d0 is pointing into the stack for thread: 0x00007fe314806000
RSI=0x0000700010700760 is pointing into the stack for thread: 0x00007fe314806000
RDI=0x00007fe31c9bb5d0 is an unknown value
R8 =0x0000000000000003 is an unknown value
R9 =0x00007fe31c9d28f0 is an unknown value
R10=0xffffffffffffffff is an unknown value
R11=0x00000001412cf550: _ZN19operations_research12RoutingModelD2Ev+0 in /Users/Ihcrul/Development/repositories/UPC-MAI-IMAS/Implementation/mas-skeleton/libortools.dylib at 0x0000000140fa1000
R12=0x0000000000000000 is an unknown value
R13={method} {0x00000001420b4d70} 'delete_RoutingModel' '(J)V' in 'com/google/ortools/constraintsolver/operations_research_constraint_solverJNI'
R14=0x0000700010700778 is pointing into the stack for thread: 0x00007fe314806000
R15=0x00007fe314b96400 is an unknown value


Stack: [0x0000700010601000,0x0000700010701000],  sp=0x00007000107006b0,  free space=1021k
Native frames: (J=compiled Java code, j=interpreted, Vv=VM code, C=native code)
C  [libortools.dylib+0x32e57f]  _ZN19operations_research12RoutingModelD2Ev+0x2f
C  [libjniortools.jnilib+0x398d6]  Java_com_google_ortools_constraintsolver_operations_1research_1constraint_1solverJNI_delete_1RoutingModel+0x16
j  com.google.ortools.constraintsolver.operations_research_constraint_solverJNI.delete_RoutingModel(J)V+0
j  com.google.ortools.constraintsolver.RoutingModel.delete()V+25
j  com.google.ortools.constraintsolver.RoutingModel.finalize()V+1
J 1171 C1 java.lang.ref.Finalizer.runFinalizer(Lsun/misc/JavaLangAccess;)V (62 bytes) @ 0x0000000114f57414 [0x0000000114f56e80+0x594]
J 1170 C1 java.lang.ref.Finalizer.access$100(Ljava/lang/ref/Finalizer;Lsun/misc/JavaLangAccess;)V (6 bytes) @ 0x0000000114e503dc [0x0000000114e50380+0x5c]
j  java.lang.ref.Finalizer$FinalizerThread.run()V+45
v  ~StubRoutines::call_stub
V  [libjvm.dylib+0x2d429e]
V  [libjvm.dylib+0x2d4a2c]
V  [libjvm.dylib+0x2d4bd8]
V  [libjvm.dylib+0x32562b]
V  [libjvm.dylib+0x535a51]
V  [libjvm.dylib+0x537194]
V  [libjvm.dylib+0x45d35a]
C  [libsystem_pthread.dylib+0x3aab]  _pthread_body+0xb4
C  [libsystem_pthread.dylib+0x39f7]  _pthread_body+0x0
C  [libsystem_pthread.dylib+0x3221]  thread_start+0xd
C  0x0000000000000000

Java frames: (J=compiled Java code, j=interpreted, Vv=VM code)
j  com.google.ortools.constraintsolver.operations_research_constraint_solverJNI.delete_RoutingModel(J)V+0
j  com.google.ortools.constraintsolver.RoutingModel.delete()V+25
j  com.google.ortools.constraintsolver.RoutingModel.finalize()V+1
J 1171 C1 java.lang.ref.Finalizer.runFinalizer(Lsun/misc/JavaLangAccess;)V (62 bytes) @ 0x0000000114f57414 [0x0000000114f56e80+0x594]
J 1170 C1 java.lang.ref.Finalizer.access$100(Ljava/lang/ref/Finalizer;Lsun/misc/JavaLangAccess;)V (6 bytes) @ 0x0000000114e503dc [0x0000000114e50380+0x5c]
j  java.lang.ref.Finalizer$FinalizerThread.run()V+45
v  ~StubRoutines::call_stub

---------------  P R O C E S S  ---------------

Java Threads: ( => current thread )
  0x00007fe314373800 JavaThread "TimerQueue" daemon [_thread_blocked, id=100251, stack(0x0000700013414000,0x0000700013514000)]
  0x00007fe313995000 JavaThread "SC-4" [_thread_blocked, id=99587, stack(0x0000700013311000,0x0000700013411000)]
  0x00007fe31437b000 JavaThread "SC-3" [_thread_blocked, id=99075, stack(0x000070001320e000,0x000070001330e000)]
  0x00007fe319079800 JavaThread "SC-2" [_thread_blocked, id=98563, stack(0x000070001310b000,0x000070001320b000)]
  0x00007fe3152a6000 JavaThread "SC-1" [_thread_blocked, id=98051, stack(0x0000700013008000,0x0000700013108000)]
  0x00007fe3160a6800 JavaThread "SC-0" [_thread_blocked, id=97539, stack(0x0000700012f05000,0x0000700013005000)]
  0x00007fe313b29000 JavaThread "H-6" [_thread_blocked, id=97027, stack(0x0000700012e02000,0x0000700012f02000)]
  0x00007fe316817800 JavaThread "H-5" [_thread_blocked, id=96515, stack(0x0000700012cff000,0x0000700012dff000)]
  0x00007fe316816800 JavaThread "H-4" [_thread_blocked, id=96003, stack(0x0000700012bfc000,0x0000700012cfc000)]
  0x00007fe316816000 JavaThread "H-3" [_thread_blocked, id=95491, stack(0x0000700012af9000,0x0000700012bf9000)]
  0x00007fe316815000 JavaThread "H-2" [_thread_blocked, id=94979, stack(0x00007000129f6000,0x0000700012af6000)]
  0x00007fe314b71000 JavaThread "H-1" [_thread_blocked, id=94471, stack(0x00007000128f3000,0x00007000129f3000)]
  0x00007fe313b28800 JavaThread "H-0" [_thread_blocked, id=93959, stack(0x00007000127f0000,0x00007000128f0000)]
  0x00007fe31600c000 JavaThread "HarvesterCoordinator" [_thread_blocked, id=89363, stack(0x00007000126ed000,0x00007000127ed000)]
  0x00007fe3152a7000 JavaThread "ScoutCoordinator" [_thread_blocked, id=89099, stack(0x00007000125ea000,0x00007000126ea000)]
  0x00007fe313993000 JavaThread "Coordinator" [_thread_blocked, id=90895, stack(0x00007000124e7000,0x00007000125e7000)]
  0x00007fe3149ff000 JavaThread "Image Fetcher 0" daemon [_thread_blocked, id=87595, stack(0x00007000123e4000,0x00007000124e4000)]
  0x00007fe3152c8800 JavaThread "Image Fetcher 3" daemon [_thread_blocked, id=85227, stack(0x000070001225e000,0x000070001235e000)]
  0x00007fe313937800 JavaThread "AWT-EventQueue-0" [_thread_blocked, id=79875, stack(0x00007000120d8000,0x00007000121d8000)]
  0x00007fe31600b000 JavaThread "DestroyJavaVM" [_thread_blocked, id=7171, stack(0x000070000fae0000,0x000070000fbe0000)]
  0x00007fe314a1e000 JavaThread "SystemAgent" [_thread_blocked, id=79363, stack(0x0000700011fd5000,0x00007000120d5000)]
  0x00007fe314a1d800 JavaThread "rma" [_thread_blocked, id=78851, stack(0x0000700011ed2000,0x0000700011fd2000)]
  0x00007fe314208800 JavaThread "df" [_thread_blocked, id=78339, stack(0x0000700011dcf000,0x0000700011ecf000)]
  0x00007fe314207800 JavaThread "ams" [_thread_blocked, id=77827, stack(0x0000700011ccc000,0x0000700011dcc000)]
  0x00007fe314a08000 JavaThread "Thread-9" [_thread_in_native, id=77315, stack(0x0000700011bc9000,0x0000700011cc9000)]
  0x00007fe3149fe800 JavaThread "Deliverer-4" [_thread_blocked, id=76803, stack(0x0000700011ac6000,0x0000700011bc6000)]
  0x00007fe3149fd800 JavaThread "Deliverer-3" [_thread_blocked, id=76291, stack(0x00007000119c3000,0x0000700011ac3000)]
  0x00007fe3149fd000 JavaThread "Deliverer-2" [_thread_blocked, id=75779, stack(0x00007000118c0000,0x00007000119c0000)]
  0x00007fe3149fc000 JavaThread "Deliverer-1" [_thread_blocked, id=75267, stack(0x00007000117bd000,0x00007000118bd000)]
  0x00007fe3149fb800 JavaThread "Deliverer-0" [_thread_blocked, id=74755, stack(0x00007000116ba000,0x00007000117ba000)]
  0x00007fe313841000 JavaThread "Java2D Disposer" daemon [_thread_blocked, id=74255, stack(0x00007000115b7000,0x00007000116b7000)]
  0x00007fe314922000 JavaThread "Java2D Queue Flusher" daemon [_thread_in_native, id=68627, stack(0x00007000114b4000,0x00007000115b4000)]
  0x00007fe3148b8000 JavaThread "AWT-Shutdown" [_thread_blocked, id=33823, stack(0x00007000111a5000,0x00007000112a5000)]
  0x00007fe3150e0800 JavaThread "AppKit Thread" daemon [_thread_in_native, id=775, stack(0x00007fff53fc8000,0x00007fff547c8000)]
  0x00007fe314098000 JavaThread "Thread-3" [_thread_blocked, id=23299, stack(0x000070001101f000,0x000070001111f000)]
  0x00007fe3140a7800 JavaThread "JICPServer-1099" daemon [_thread_in_native, id=22787, stack(0x0000700010f1c000,0x000070001101c000)]
  0x00007fe313803000 JavaThread "JADE Timer dispatcher" [_thread_blocked, id=22275, stack(0x0000700010e19000,0x0000700010f19000)]
  0x00007fe313822800 JavaThread "Service Thread" daemon [_thread_blocked, id=21251, stack(0x0000700010c13000,0x0000700010d13000)]
  0x00007fe31481f800 JavaThread "C1 CompilerThread3" daemon [_thread_blocked, id=20739, stack(0x0000700010b10000,0x0000700010c10000)]
  0x00007fe315068800 JavaThread "C2 CompilerThread2" daemon [_thread_in_native, id=20227, stack(0x0000700010a0d000,0x0000700010b0d000)]
  0x00007fe31503d800 JavaThread "C2 CompilerThread1" daemon [_thread_in_native, id=19715, stack(0x000070001090a000,0x0000700010a0a000)]
  0x00007fe31503c000 JavaThread "C2 CompilerThread0" daemon [_thread_in_native, id=19203, stack(0x0000700010807000,0x0000700010907000)]
  0x00007fe31482a800 JavaThread "Signal Dispatcher" daemon [_thread_blocked, id=18691, stack(0x0000700010704000,0x0000700010804000)]
=>0x00007fe314806000 JavaThread "Finalizer" daemon [_thread_in_native, id=14595, stack(0x0000700010601000,0x0000700010701000)]
  0x00007fe314805000 JavaThread "Reference Handler" daemon [_thread_blocked, id=14083, stack(0x00007000104fe000,0x00007000105fe000)]

Other Threads:
  0x00007fe31505d800 VMThread [stack: 0x00007000103fb000,0x00007000104fb000] [id=13571]
  0x00007fe313800800 WatcherThread [stack: 0x0000700010d16000,0x0000700010e16000] [id=21763]

VM state:not at safepoint (normal execution)

VM Mutex/Monitor currently owned by a thread: None

Heap:
 PSYoungGen      total 76288K, used 23154K [0x000000076ab00000, 0x0000000773600000, 0x00000007c0000000)
  eden space 65536K, 25% used [0x000000076ab00000,0x000000076bb53b70,0x000000076eb00000)
  from space 10752K, 59% used [0x000000076eb00000,0x000000076f148e70,0x000000076f580000)
  to   space 10752K, 0% used [0x0000000772b80000,0x0000000772b80000,0x0000000773600000)
 ParOldGen       total 88064K, used 4262K [0x00000006c0000000, 0x00000006c5600000, 0x000000076ab00000)
  object space 88064K, 4% used [0x00000006c0000000,0x00000006c0429940,0x00000006c5600000)
 Metaspace       used 23213K, capacity 23718K, committed 24064K, reserved 1071104K
  class space    used 3137K, capacity 3232K, committed 3328K, reserved 1048576K

Card table byte_map: [0x000000010d8db000,0x000000010e0dc000] byte_map_base: 0x000000010a2db000

Marking Bits: (ParMarkBitMap*) 0x000000010ce9c330
 Begin Bits: [0x0000000123bbd000, 0x0000000127bbd000)
 End Bits:   [0x0000000127bbd000, 0x000000012bbbd000)

Polling page: 0x000000010b4f6000

CodeCache: size=245760Kb used=5374Kb max_used=5412Kb free=240385Kb
 bounds [0x0000000114bbd000, 0x000000011511d000, 0x0000000123bbd000]
 total_blobs=2350 nmethods=1687 adapters=577
 compilation: enabled

Compilation events (10 events):
Event: 6.476 Thread 0x00007fe31481f800 1844       1       java.awt.Container::isFocusCycleRoot (5 bytes)
Event: 6.476 Thread 0x00007fe31481f800 nmethod 1844 0x0000000114fe1710 code [0x0000000114fe1860, 0x0000000114fe1970]
Event: 6.476 Thread 0x00007fe31481f800 1845       1       java.awt.Container::isFocusTraversalPolicyProvider (5 bytes)
Event: 6.476 Thread 0x00007fe31481f800 nmethod 1845 0x0000000114fee250 code [0x0000000114fee3a0, 0x0000000114fee4b0]
Event: 6.481 Thread 0x00007fe31481f800 1849  s    3       java.util.Hashtable::remove (133 bytes)
Event: 6.484 Thread 0x00007fe31481f800 nmethod 1849 0x0000000114ef5090 code [0x0000000114ef5240, 0x0000000114ef5a98]
Event: 6.484 Thread 0x00007fe31481f800 1850       3       java.util.zip.ZipFile$ZipFileInputStream::finalize (5 bytes)
Event: 6.484 Thread 0x00007fe31481f800 nmethod 1850 0x0000000114f52fd0 code [0x0000000114f53140, 0x0000000114f532c8]
Event: 6.484 Thread 0x00007fe31481f800 1851       3       java.util.zip.ZipFile$ZipFileInflaterInputStream::finalize (5 bytes)
Event: 6.484 Thread 0x00007fe31481f800 nmethod 1851 0x0000000114f479d0 code [0x0000000114f47b40, 0x0000000114f47cc8]

GC Heap History (8 events):
Event: 5.867 GC heap before
{Heap before GC invocations=1 (full 0):
 PSYoungGen      total 76288K, used 65536K [0x000000076ab00000, 0x0000000770000000, 0x00000007c0000000)
  eden space 65536K, 100% used [0x000000076ab00000,0x000000076eb00000,0x000000076eb00000)
  from space 10752K, 0% used [0x000000076f580000,0x000000076f580000,0x0000000770000000)
  to   space 10752K, 0% used [0x000000076eb00000,0x000000076eb00000,0x000000076f580000)
 ParOldGen       total 175104K, used 0K [0x00000006c0000000, 0x00000006cab00000, 0x000000076ab00000)
  object space 175104K, 0% used [0x00000006c0000000,0x00000006c0000000,0x00000006cab00000)
 Metaspace       used 20561K, capacity 20784K, committed 20992K, reserved 1067008K
  class space    used 2872K, capacity 2957K, committed 3072K, reserved 1048576K
Event: 5.878 GC heap after
Heap after GC invocations=1 (full 0):
 PSYoungGen      total 76288K, used 10744K [0x000000076ab00000, 0x0000000770000000, 0x00000007c0000000)
  eden space 65536K, 0% used [0x000000076ab00000,0x000000076ab00000,0x000000076eb00000)
  from space 10752K, 99% used [0x000000076eb00000,0x000000076f57e2f0,0x000000076f580000)
  to   space 10752K, 0% used [0x000000076f580000,0x000000076f580000,0x0000000770000000)
 ParOldGen       total 175104K, used 7905K [0x00000006c0000000, 0x00000006cab00000, 0x000000076ab00000)
  object space 175104K, 4% used [0x00000006c0000000,0x00000006c07b8470,0x00000006cab00000)
 Metaspace       used 20561K, capacity 20784K, committed 20992K, reserved 1067008K
  class space    used 2872K, capacity 2957K, committed 3072K, reserved 1048576K
}
Event: 5.937 GC heap before
{Heap before GC invocations=2 (full 0):
 PSYoungGen      total 76288K, used 50919K [0x000000076ab00000, 0x0000000770000000, 0x00000007c0000000)
  eden space 65536K, 61% used [0x000000076ab00000,0x000000076d23bc58,0x000000076eb00000)
  from space 10752K, 99% used [0x000000076eb00000,0x000000076f57e2f0,0x000000076f580000)
  to   space 10752K, 0% used [0x000000076f580000,0x000000076f580000,0x0000000770000000)
 ParOldGen       total 175104K, used 7905K [0x00000006c0000000, 0x00000006cab00000, 0x000000076ab00000)
  object space 175104K, 4% used [0x00000006c0000000,0x00000006c07b8470,0x00000006cab00000)
 Metaspace       used 20791K, capacity 21108K, committed 21248K, reserved 1067008K
  class space    used 2906K, capacity 2979K, committed 3072K, reserved 1048576K
Event: 5.941 GC heap after
Heap after GC invocations=2 (full 0):
 PSYoungGen      total 76288K, used 3127K [0x000000076ab00000, 0x0000000774000000, 0x00000007c0000000)
  eden space 65536K, 0% used [0x000000076ab00000,0x000000076ab00000,0x000000076eb00000)
  from space 10752K, 29% used [0x000000076f580000,0x000000076f88dde0,0x0000000770000000)
  to   space 10752K, 0% used [0x000000076eb00000,0x000000076eb00000,0x000000076f580000)
 ParOldGen       total 175104K, used 7913K [0x00000006c0000000, 0x00000006cab00000, 0x000000076ab00000)
  object space 175104K, 4% used [0x00000006c0000000,0x00000006c07ba470,0x00000006cab00000)
 Metaspace       used 20791K, capacity 21108K, committed 21248K, reserved 1067008K
  class space    used 2906K, capacity 2979K, committed 3072K, reserved 1048576K
}
Event: 5.941 GC heap before
{Heap before GC invocations=3 (full 1):
 PSYoungGen      total 76288K, used 3127K [0x000000076ab00000, 0x0000000774000000, 0x00000007c0000000)
  eden space 65536K, 0% used [0x000000076ab00000,0x000000076ab00000,0x000000076eb00000)
  from space 10752K, 29% used [0x000000076f580000,0x000000076f88dde0,0x0000000770000000)
  to   space 10752K, 0% used [0x000000076eb00000,0x000000076eb00000,0x000000076f580000)
 ParOldGen       total 175104K, used 7913K [0x00000006c0000000, 0x00000006cab00000, 0x000000076ab00000)
  object space 175104K, 4% used [0x00000006c0000000,0x00000006c07ba470,0x00000006cab00000)
 Metaspace       used 20791K, capacity 21108K, committed 21248K, reserved 1067008K
  class space    used 2906K, capacity 2979K, committed 3072K, reserved 1048576K
Event: 5.965 GC heap after
Heap after GC invocations=3 (full 1):
 PSYoungGen      total 76288K, used 0K [0x000000076ab00000, 0x0000000774000000, 0x00000007c0000000)
  eden space 65536K, 0% used [0x000000076ab00000,0x000000076ab00000,0x000000076eb00000)
  from space 10752K, 0% used [0x000000076f580000,0x000000076f580000,0x0000000770000000)
  to   space 10752K, 0% used [0x000000076eb00000,0x000000076eb00000,0x000000076f580000)
 ParOldGen       total 88064K, used 4254K [0x00000006c0000000, 0x00000006c5600000, 0x000000076ab00000)
  object space 88064K, 4% used [0x00000006c0000000,0x00000006c0427940,0x00000006c5600000)
 Metaspace       used 20790K, capacity 21106K, committed 21248K, reserved 1067008K
  class space    used 2905K, capacity 2978K, committed 3072K, reserved 1048576K
}
Event: 6.479 GC heap before
{Heap before GC invocations=4 (full 1):
 PSYoungGen      total 76288K, used 59231K [0x000000076ab00000, 0x0000000774000000, 0x00000007c0000000)
  eden space 65536K, 90% used [0x000000076ab00000,0x000000076e4d7f10,0x000000076eb00000)
  from space 10752K, 0% used [0x000000076f580000,0x000000076f580000,0x0000000770000000)
  to   space 10752K, 0% used [0x000000076eb00000,0x000000076eb00000,0x000000076f580000)
 ParOldGen       total 88064K, used 4254K [0x00000006c0000000, 0x00000006c5600000, 0x000000076ab00000)
  object space 88064K, 4% used [0x00000006c0000000,0x00000006c0427940,0x00000006c5600000)
 Metaspace       used 23213K, capacity 23718K, committed 24064K, reserved 1071104K
  class space    used 3137K, capacity 3232K, committed 3328K, reserved 1048576K
Event: 6.481 GC heap after
Heap after GC invocations=4 (full 1):
 PSYoungGen      total 76288K, used 6435K [0x000000076ab00000, 0x0000000773600000, 0x00000007c0000000)
  eden space 65536K, 0% used [0x000000076ab00000,0x000000076ab00000,0x000000076eb00000)
  from space 10752K, 59% used [0x000000076eb00000,0x000000076f148e70,0x000000076f580000)
  to   space 10752K, 0% used [0x0000000772b80000,0x0000000772b80000,0x0000000773600000)
 ParOldGen       total 88064K, used 4262K [0x00000006c0000000, 0x00000006c5600000, 0x000000076ab00000)
  object space 88064K, 4% used [0x00000006c0000000,0x00000006c0429940,0x00000006c5600000)
 Metaspace       used 23213K, capacity 23718K, committed 24064K, reserved 1071104K
  class space    used 3137K, capacity 3232K, committed 3328K, reserved 1048576K
}

Deoptimization events (10 events):
Event: 6.195 Thread 0x00007fe314a1e000 Uncommon trap: reason=class_check action=maybe_recompile pc=0x0000000114f58ca4 method=java.util.HashMap.putVal(ILjava/lang/Object;Ljava/lang/Object;ZZ)Ljava/lang/Object; @ 203
Event: 6.195 Thread 0x00007fe314a1e000 Uncommon trap: reason=class_check action=maybe_recompile pc=0x0000000114f58ca4 method=java.util.HashMap.putVal(ILjava/lang/Object;Ljava/lang/Object;ZZ)Ljava/lang/Object; @ 203
Event: 6.195 Thread 0x00007fe314a1e000 Uncommon trap: reason=class_check action=maybe_recompile pc=0x0000000114f58ca4 method=java.util.HashMap.putVal(ILjava/lang/Object;Ljava/lang/Object;ZZ)Ljava/lang/Object; @ 203
Event: 6.195 Thread 0x00007fe314a1e000 Uncommon trap: reason=class_check action=maybe_recompile pc=0x0000000114f53740 method=java.util.HashMap.putVal(ILjava/lang/Object;Ljava/lang/Object;ZZ)Ljava/lang/Object; @ 203
Event: 6.196 Thread 0x00007fe314a1e000 Uncommon trap: reason=unreached action=reinterpret pc=0x0000000114e26a54 method=java.util.HashMap.getNode(ILjava/lang/Object;)Ljava/util/HashMap$Node; @ 84
Event: 6.196 Thread 0x00007fe314a1e000 Uncommon trap: reason=unreached action=reinterpret pc=0x0000000114e41250 method=java.util.HashMap.getNode(ILjava/lang/Object;)Ljava/util/HashMap$Node; @ 84
Event: 6.201 Thread 0x00007fe314a1e000 Uncommon trap: reason=unreached action=reinterpret pc=0x0000000114fdfed4 method=java.util.HashMap.putVal(ILjava/lang/Object;Ljava/lang/Object;ZZ)Ljava/lang/Object; @ 109
Event: 6.350 Thread 0x00007fe313937800 Uncommon trap: reason=unloaded action=reinterpret pc=0x0000000114dafbd8 method=java.lang.CharacterData.of(I)Ljava/lang/CharacterData; @ 96
Event: 6.433 Thread 0x00007fe3152a7000 Uncommon trap: reason=unreached action=reinterpret pc=0x0000000114f546cc method=jade.core.CaseInsensitiveString.equalsIgnoreCase(Ljava/lang/String;Ljava/lang/String;)Z @ 5
Event: 6.433 Thread 0x00007fe31600c000 Uncommon trap: reason=unreached action=reinterpret pc=0x0000000114f546cc method=jade.core.CaseInsensitiveString.equalsIgnoreCase(Ljava/lang/String;Ljava/lang/String;)Z @ 5

Internal exceptions (10 events):
Event: 6.433 Thread 0x00007fe316816800 Exception <a 'java/lang/NoSuchMethodError': <clinit>> (0x000000076c2f2018) thrown at [/HUDSON3/workspace/8-2-build-macosx-x86_64/jdk8u20/1074/hotspot/src/share/vm/prims/jni.cpp, line 1603]
Event: 6.433 Thread 0x00007fe31437b000 Exception <a 'java/lang/NoSuchMethodError': <clinit>> (0x000000076c4cc050) thrown at [/HUDSON3/workspace/8-2-build-macosx-x86_64/jdk8u20/1074/hotspot/src/share/vm/prims/jni.cpp, line 1603]
Event: 6.433 Thread 0x00007fe313995000 Exception <a 'java/lang/NoSuchMethodError': <clinit>> (0x000000076c4c1050) thrown at [/HUDSON3/workspace/8-2-build-macosx-x86_64/jdk8u20/1074/hotspot/src/share/vm/prims/jni.cpp, line 1603]
Event: 6.433 Thread 0x00007fe313b28800 Exception <a 'java/lang/NoSuchMethodError': <clinit>> (0x000000076c1b2528) thrown at [/HUDSON3/workspace/8-2-build-macosx-x86_64/jdk8u20/1074/hotspot/src/share/vm/prims/jni.cpp, line 1603]
Event: 6.432 Thread 0x00007fe314b71000 Exception <a 'java/lang/NoSuchMethodError': <clinit>> (0x000000076c2247a0) thrown at [/HUDSON3/workspace/8-2-build-macosx-x86_64/jdk8u20/1074/hotspot/src/share/vm/prims/jni.cpp, line 1603]
Event: 6.433 Thread 0x00007fe316816000 Exception <a 'java/lang/NoSuchMethodError': <clinit>> (0x000000076c431b58) thrown at [/HUDSON3/workspace/8-2-build-macosx-x86_64/jdk8u20/1074/hotspot/src/share/vm/prims/jni.cpp, line 1603]
Event: 6.433 Thread 0x00007fe3152a6000 Exception <a 'java/lang/NoSuchMethodError': <clinit>> (0x000000076b024348) thrown at [/HUDSON3/workspace/8-2-build-macosx-x86_64/jdk8u20/1074/hotspot/src/share/vm/prims/jni.cpp, line 1603]
Event: 6.433 Thread 0x00007fe319079800 Exception <a 'java/lang/NoSuchMethodError': <clinit>> (0x000000076c4d9af0) thrown at [/HUDSON3/workspace/8-2-build-macosx-x86_64/jdk8u20/1074/hotspot/src/share/vm/prims/jni.cpp, line 1603]
Event: 6.433 Thread 0x00007fe3152a7000 Implicit null exception at 0x0000000114f54633 to 0x0000000114f546b9
Event: 6.433 Thread 0x00007fe31600c000 Implicit null exception at 0x0000000114f54633 to 0x0000000114f546b9

Events (10 events):
Event: 6.473 Thread 0x00007fe31481f800 flushing nmethod 0x0000000114ff0910
Event: 6.473 Thread 0x00007fe31481f800 flushing nmethod 0x0000000114ff0c10
Event: 6.473 Thread 0x00007fe31481f800 flushing nmethod 0x0000000114ff1b10
Event: 6.473 Thread 0x00007fe31481f800 flushing nmethod 0x0000000114ff2e90
Event: 6.473 Thread 0x00007fe31481f800 flushing nmethod 0x0000000114ffa390
Event: 6.473 Thread 0x00007fe31481f800 flushing nmethod 0x0000000114ffbc50
Event: 6.479 Executing VM operation: ParallelGCFailedAllocation
Event: 6.481 Executing VM operation: ParallelGCFailedAllocation done
Event: 6.481 Executing VM operation: RevokeBias
Event: 6.483 Executing VM operation: RevokeBias done


Dynamic libraries:
0x000000004ad4b000 	/System/Library/Frameworks/Cocoa.framework/Versions/A/Cocoa
0x000000004ad4b000 	/System/Library/Frameworks/Security.framework/Versions/A/Security
0x000000004ad4b000 	/System/Library/Frameworks/ApplicationServices.framework/Versions/A/ApplicationServices
0x000000004ad4b000 	/usr/lib/libz.1.dylib
0x000000004ad4b000 	/usr/lib/libSystem.B.dylib
0x000000004ad4b000 	/usr/lib/libobjc.A.dylib
0x000000004ad4b000 	/System/Library/Frameworks/CoreFoundation.framework/Versions/A/CoreFoundation
0x000000004ad4b000 	/System/Library/Frameworks/Foundation.framework/Versions/C/Foundation
0x000000004ad4b000 	/System/Library/Frameworks/AppKit.framework/Versions/C/AppKit
0x000000004ad4b000 	/System/Library/Frameworks/CoreData.framework/Versions/A/CoreData
0x000000004ad4b000 	/System/Library/PrivateFrameworks/RemoteViewServices.framework/Versions/A/RemoteViewServices
0x000000004ad4b000 	/System/Library/PrivateFrameworks/UIFoundation.framework/Versions/A/UIFoundation
0x000000004ad4b000 	/System/Library/PrivateFrameworks/DFRFoundation.framework/Versions/A/DFRFoundation
0x000000004ad4b000 	/usr/lib/libenergytrace.dylib
0x000000004ad4b000 	/System/Library/PrivateFrameworks/SkyLight.framework/Versions/A/SkyLight
0x000000004ad4b000 	/System/Library/Frameworks/CoreGraphics.framework/Versions/A/CoreGraphics
0x000000004ad4b000 	/usr/lib/libScreenReader.dylib
0x000000004ad4b000 	/System/Library/Frameworks/Accelerate.framework/Versions/A/Accelerate
0x000000004ad4b000 	/System/Library/Frameworks/IOSurface.framework/Versions/A/IOSurface
0x000000004ad4b000 	/System/Library/Frameworks/AudioToolbox.framework/Versions/A/AudioToolbox
0x000000004ad4b000 	/System/Library/Frameworks/AudioUnit.framework/Versions/A/AudioUnit
0x000000004ad4b000 	/System/Library/PrivateFrameworks/DataDetectorsCore.framework/Versions/A/DataDetectorsCore
0x000000004ad4b000 	/System/Library/PrivateFrameworks/DesktopServicesPriv.framework/Versions/A/DesktopServicesPriv
0x000000004ad4b000 	/System/Library/Frameworks/Carbon.framework/Versions/A/Frameworks/HIToolbox.framework/Versions/A/HIToolbox
0x000000004ad4b000 	/usr/lib/libicucore.A.dylib
0x000000004ad4b000 	/System/Library/Frameworks/QuartzCore.framework/Versions/A/QuartzCore
0x000000004ad4b000 	/System/Library/Frameworks/Carbon.framework/Versions/A/Frameworks/SpeechRecognition.framework/Versions/A/SpeechRecognition
0x000000004ad4b000 	/usr/lib/libauto.dylib
0x000000004ad4b000 	/usr/lib/libxml2.2.dylib
0x000000004ad4b000 	/System/Library/PrivateFrameworks/CoreUI.framework/Versions/A/CoreUI
0x000000004ad4b000 	/System/Library/Frameworks/CoreAudio.framework/Versions/A/CoreAudio
0x000000004ad4b000 	/System/Library/Frameworks/DiskArbitration.framework/Versions/A/DiskArbitration
0x000000004ad4b000 	/usr/lib/liblangid.dylib
0x000000004ad4b000 	/System/Library/PrivateFrameworks/MultitouchSupport.framework/Versions/A/MultitouchSupport
0x000000004ad4b000 	/System/Library/Frameworks/IOKit.framework/Versions/A/IOKit
0x000000004ad4b000 	/usr/lib/libDiagnosticMessagesClient.dylib
0x000000004ad4b000 	/System/Library/Frameworks/CoreServices.framework/Versions/A/CoreServices
0x000000004ad4b000 	/System/Library/PrivateFrameworks/PerformanceAnalysis.framework/Versions/A/PerformanceAnalysis
0x000000004ad4b000 	/System/Library/PrivateFrameworks/GenerationalStorage.framework/Versions/A/GenerationalStorage
0x000000004ad4b000 	/System/Library/Frameworks/OpenGL.framework/Versions/A/OpenGL
0x000000004ad4b000 	/System/Library/Frameworks/CoreImage.framework/Versions/A/CoreImage
0x000000004ad4b000 	/System/Library/Frameworks/CoreText.framework/Versions/A/CoreText
0x000000004ad4b000 	/System/Library/Frameworks/ImageIO.framework/Versions/A/ImageIO
0x000000004ad4b000 	/System/Library/PrivateFrameworks/Backup.framework/Versions/A/Backup
0x000000004ad4b000 	/usr/lib/libarchive.2.dylib
0x000000004ad4b000 	/System/Library/Frameworks/CFNetwork.framework/Versions/A/CFNetwork
0x000000004ad4b000 	/System/Library/Frameworks/SystemConfiguration.framework/Versions/A/SystemConfiguration
0x000000004ad4b000 	/usr/lib/libCRFSuite.dylib
0x000000004ad4b000 	/usr/lib/libc++.1.dylib
0x000000004ad4b000 	/usr/lib/libc++abi.dylib
0x000000004ad4b000 	/usr/lib/system/libcache.dylib
0x000000004ad4b000 	/usr/lib/system/libcommonCrypto.dylib
0x000000004ad4b000 	/usr/lib/system/libcompiler_rt.dylib
0x000000004ad4b000 	/usr/lib/system/libcopyfile.dylib
0x000000004ad4b000 	/usr/lib/system/libcorecrypto.dylib
0x000000004ad4b000 	/usr/lib/system/libdispatch.dylib
0x000000004ad4b000 	/usr/lib/system/libdyld.dylib
0x000000004ad4b000 	/usr/lib/system/libkeymgr.dylib
0x000000004ad4b000 	/usr/lib/system/liblaunch.dylib
0x000000004ad4b000 	/usr/lib/system/libmacho.dylib
0x000000004ad4b000 	/usr/lib/system/libquarantine.dylib
0x000000004ad4b000 	/usr/lib/system/libremovefile.dylib
0x000000004ad4b000 	/usr/lib/system/libsystem_asl.dylib
0x000000004ad4b000 	/usr/lib/system/libsystem_blocks.dylib
0x000000004ad4b000 	/usr/lib/system/libsystem_c.dylib
0x000000004ad4b000 	/usr/lib/system/libsystem_configuration.dylib
0x000000004ad4b000 	/usr/lib/system/libsystem_coreservices.dylib
0x000000004ad4b000 	/usr/lib/system/libsystem_coretls.dylib
0x000000004ad4b000 	/usr/lib/system/libsystem_dnssd.dylib
0x000000004ad4b000 	/usr/lib/system/libsystem_info.dylib
0x000000004ad4b000 	/usr/lib/system/libsystem_kernel.dylib
0x000000004ad4b000 	/usr/lib/system/libsystem_m.dylib
0x000000004ad4b000 	/usr/lib/system/libsystem_malloc.dylib
0x000000004ad4b000 	/usr/lib/system/libsystem_network.dylib
0x000000004ad4b000 	/usr/lib/system/libsystem_networkextension.dylib
0x000000004ad4b000 	/usr/lib/system/libsystem_notify.dylib
0x000000004ad4b000 	/usr/lib/system/libsystem_platform.dylib
0x000000004ad4b000 	/usr/lib/system/libsystem_pthread.dylib
0x000000004ad4b000 	/usr/lib/system/libsystem_sandbox.dylib
0x000000004ad4b000 	/usr/lib/system/libsystem_secinit.dylib
0x000000004ad4b000 	/usr/lib/system/libsystem_symptoms.dylib
0x000000004ad4b000 	/usr/lib/system/libsystem_trace.dylib
0x000000004ad4b000 	/usr/lib/system/libunwind.dylib
0x000000004ad4b000 	/usr/lib/system/libxpc.dylib
0x000000004ad4b000 	/usr/lib/libbsm.0.dylib
0x000000004ad4b000 	/usr/lib/system/libkxld.dylib
0x000000004ad4b000 	/usr/lib/libcoretls.dylib
0x000000004ad4b000 	/usr/lib/libcoretls_cfhelpers.dylib
0x000000004ad4b000 	/usr/lib/libxar.1.dylib
0x000000004ad4b000 	/usr/lib/libsqlite3.dylib
0x000000004ad4b000 	/usr/lib/libpam.2.dylib
0x000000004ad4b000 	/usr/lib/libOpenScriptingUtil.dylib
0x000000004ad4b000 	/usr/lib/libbz2.1.0.dylib
0x000000004ad4b000 	/usr/lib/liblzma.5.dylib
0x000000004ad4b000 	/usr/lib/libnetwork.dylib
0x000000004ad4b000 	/usr/lib/libpcap.A.dylib
0x000000004ad4b000 	/System/Library/Frameworks/CoreServices.framework/Versions/A/Frameworks/FSEvents.framework/Versions/A/FSEvents
0x000000004ad4b000 	/System/Library/Frameworks/CoreServices.framework/Versions/A/Frameworks/CarbonCore.framework/Versions/A/CarbonCore
0x000000004ad4b000 	/System/Library/Frameworks/CoreServices.framework/Versions/A/Frameworks/Metadata.framework/Versions/A/Metadata
0x000000004ad4b000 	/System/Library/Frameworks/CoreServices.framework/Versions/A/Frameworks/OSServices.framework/Versions/A/OSServices
0x000000004ad4b000 	/System/Library/Frameworks/CoreServices.framework/Versions/A/Frameworks/SearchKit.framework/Versions/A/SearchKit
0x000000004ad4b000 	/System/Library/Frameworks/CoreServices.framework/Versions/A/Frameworks/AE.framework/Versions/A/AE
0x000000004ad4b000 	/System/Library/Frameworks/CoreServices.framework/Versions/A/Frameworks/LaunchServices.framework/Versions/A/LaunchServices
0x000000004ad4b000 	/System/Library/Frameworks/CoreServices.framework/Versions/A/Frameworks/DictionaryServices.framework/Versions/A/DictionaryServices
0x000000004ad4b000 	/System/Library/Frameworks/CoreServices.framework/Versions/A/Frameworks/SharedFileList.framework/Versions/A/SharedFileList
0x000000004ad4b000 	/System/Library/Frameworks/NetFS.framework/Versions/A/NetFS
0x000000004ad4b000 	/System/Library/PrivateFrameworks/NetAuth.framework/Versions/A/NetAuth
0x000000004ad4b000 	/System/Library/PrivateFrameworks/login.framework/Versions/A/Frameworks/loginsupport.framework/Versions/A/loginsupport
0x000000004ad4b000 	/System/Library/PrivateFrameworks/TCC.framework/Versions/A/TCC
0x000000004ad4b000 	/usr/lib/libmecabra.dylib
0x000000004ad4b000 	/System/Library/Frameworks/ApplicationServices.framework/Versions/A/Frameworks/ATS.framework/Versions/A/ATS
0x000000004ad4b000 	/System/Library/Frameworks/ApplicationServices.framework/Versions/A/Frameworks/ColorSync.framework/Versions/A/ColorSync
0x000000004ad4b000 	/System/Library/Frameworks/ApplicationServices.framework/Versions/A/Frameworks/HIServices.framework/Versions/A/HIServices
0x000000004ad4b000 	/System/Library/Frameworks/ApplicationServices.framework/Versions/A/Frameworks/LangAnalysis.framework/Versions/A/LangAnalysis
0x000000004ad4b000 	/System/Library/Frameworks/ApplicationServices.framework/Versions/A/Frameworks/PrintCore.framework/Versions/A/PrintCore
0x000000004ad4b000 	/System/Library/Frameworks/ApplicationServices.framework/Versions/A/Frameworks/QD.framework/Versions/A/QD
0x000000004ad4b000 	/System/Library/Frameworks/ApplicationServices.framework/Versions/A/Frameworks/SpeechSynthesis.framework/Versions/A/SpeechSynthesis
0x000000004ad4b000 	/System/Library/Frameworks/Accelerate.framework/Versions/A/Frameworks/vImage.framework/Versions/A/vImage
0x000000004ad4b000 	/System/Library/Frameworks/Accelerate.framework/Versions/A/Frameworks/vecLib.framework/Versions/A/vecLib
0x000000004ad4b000 	/System/Library/Frameworks/Accelerate.framework/Versions/A/Frameworks/vecLib.framework/Versions/A/libvDSP.dylib
0x000000004ad4b000 	/System/Library/Frameworks/Accelerate.framework/Versions/A/Frameworks/vecLib.framework/Versions/A/libBNNS.dylib
0x000000004ad4b000 	/System/Library/Frameworks/Accelerate.framework/Versions/A/Frameworks/vecLib.framework/Versions/A/libQuadrature.dylib
0x000000004ad4b000 	/System/Library/Frameworks/Accelerate.framework/Versions/A/Frameworks/vecLib.framework/Versions/A/libvMisc.dylib
0x000000004ad4b000 	/System/Library/Frameworks/Accelerate.framework/Versions/A/Frameworks/vecLib.framework/Versions/A/libLAPACK.dylib
0x000000004ad4b000 	/System/Library/Frameworks/Accelerate.framework/Versions/A/Frameworks/vecLib.framework/Versions/A/libBLAS.dylib
0x000000004ad4b000 	/System/Library/Frameworks/Accelerate.framework/Versions/A/Frameworks/vecLib.framework/Versions/A/libLinearAlgebra.dylib
0x000000004ad4b000 	/System/Library/Frameworks/Accelerate.framework/Versions/A/Frameworks/vecLib.framework/Versions/A/libSparseBLAS.dylib
0x000000004ad4b000 	/System/Library/Frameworks/ApplicationServices.framework/Versions/A/Frameworks/ATS.framework/Versions/A/Resources/libFontParser.dylib
0x000000004ad4b000 	/System/Library/Frameworks/ApplicationServices.framework/Versions/A/Frameworks/ATS.framework/Versions/A/Resources/libFontRegistry.dylib
0x000000004ad4b000 	/System/Library/Frameworks/ImageIO.framework/Versions/A/Resources/libJPEG.dylib
0x000000004ad4b000 	/System/Library/Frameworks/ImageIO.framework/Versions/A/Resources/libTIFF.dylib
0x000000004ad4b000 	/System/Library/Frameworks/ImageIO.framework/Versions/A/Resources/libPng.dylib
0x000000004ad4b000 	/System/Library/Frameworks/ImageIO.framework/Versions/A/Resources/libGIF.dylib
0x000000004ad4b000 	/System/Library/Frameworks/ImageIO.framework/Versions/A/Resources/libJP2.dylib
0x000000004ad4b000 	/System/Library/Frameworks/ImageIO.framework/Versions/A/Resources/libRadiance.dylib
0x000000004ad4b000 	/usr/lib/libcompression.dylib
0x000000004ad4b000 	/System/Library/PrivateFrameworks/AppleJPEG.framework/Versions/A/AppleJPEG
0x000000004ad4b000 	/usr/lib/libcups.2.dylib
0x000000004ad4b000 	/System/Library/Frameworks/Kerberos.framework/Versions/A/Kerberos
0x000000004ad4b000 	/System/Library/Frameworks/GSS.framework/Versions/A/GSS
0x000000004ad4b000 	/usr/lib/libresolv.9.dylib
0x000000004ad4b000 	/usr/lib/libiconv.2.dylib
0x000000004ad4b000 	/System/Library/PrivateFrameworks/Heimdal.framework/Versions/A/Heimdal
0x000000004ad4b000 	/usr/lib/libheimdal-asn1.dylib
0x000000004ad4b000 	/System/Library/Frameworks/OpenDirectory.framework/Versions/A/OpenDirectory
0x000000004ad4b000 	/System/Library/PrivateFrameworks/CommonAuth.framework/Versions/A/CommonAuth
0x000000004ad4b000 	/System/Library/Frameworks/OpenDirectory.framework/Versions/A/Frameworks/CFOpenDirectory.framework/Versions/A/CFOpenDirectory
0x000000004ad4b000 	/System/Library/Frameworks/SecurityFoundation.framework/Versions/A/SecurityFoundation
0x000000004ad4b000 	/System/Library/PrivateFrameworks/LanguageModeling.framework/Versions/A/LanguageModeling
0x000000004ad4b000 	/usr/lib/libmarisa.dylib
0x000000004ad4b000 	/usr/lib/libChineseTokenizer.dylib
0x000000004ad4b000 	/usr/lib/libcmph.dylib
0x000000004ad4b000 	/System/Library/PrivateFrameworks/CoreEmoji.framework/Versions/A/CoreEmoji
0x000000004ad4b000 	/System/Library/Frameworks/ServiceManagement.framework/Versions/A/ServiceManagement
0x000000004ad4b000 	/usr/lib/libxslt.1.dylib
0x000000004ad4b000 	/System/Library/Frameworks/Carbon.framework/Versions/A/Frameworks/Ink.framework/Versions/A/Ink
0x000000004ad4b000 	/System/Library/PrivateFrameworks/TextureIO.framework/Versions/A/TextureIO
0x000000004ad4b000 	/System/Library/Frameworks/Metal.framework/Versions/A/Metal
0x000000004ad4b000 	/usr/lib/libate.dylib
0x000000004ad4b000 	/System/Library/PrivateFrameworks/GPUCompiler.framework/libmetal_timestamp.dylib
0x000000004ad4b000 	/System/Library/Frameworks/OpenGL.framework/Versions/A/Libraries/libCoreFSCache.dylib
0x000000004ad4b000 	/System/Library/PrivateFrameworks/IOAccelerator.framework/Versions/A/IOAccelerator
0x000000004ad4b000 	/System/Library/Frameworks/CoreVideo.framework/Versions/A/CoreVideo
0x000000004ad4b000 	/usr/lib/libFosl_dynamic.dylib
0x000000004ad4b000 	/System/Library/PrivateFrameworks/MetalPerformanceShaders.framework/Versions/A/MetalPerformanceShaders
0x000000004ad4b000 	/System/Library/PrivateFrameworks/FaceCore.framework/Versions/A/FaceCore
0x000000004ad4b000 	/System/Library/Frameworks/OpenCL.framework/Versions/A/OpenCL
0x000000004ad4b000 	/System/Library/Frameworks/OpenGL.framework/Versions/A/Libraries/libGLU.dylib
0x000000004ad4b000 	/System/Library/Frameworks/OpenGL.framework/Versions/A/Libraries/libGFXShared.dylib
0x000000004ad4b000 	/System/Library/Frameworks/OpenGL.framework/Versions/A/Libraries/libGL.dylib
0x000000004ad4b000 	/System/Library/Frameworks/OpenGL.framework/Versions/A/Libraries/libGLImage.dylib
0x000000004ad4b000 	/System/Library/Frameworks/OpenGL.framework/Versions/A/Libraries/libCVMSPluginSupport.dylib
0x000000004ad4b000 	/System/Library/Frameworks/OpenGL.framework/Versions/A/Libraries/libCoreVMClient.dylib
0x000000004ad4b000 	/System/Library/PrivateFrameworks/CrashReporterSupport.framework/Versions/A/CrashReporterSupport
0x000000004ad4b000 	/System/Library/PrivateFrameworks/Sharing.framework/Versions/A/Sharing
0x000000004ad4b000 	/System/Library/PrivateFrameworks/IconServices.framework/Versions/A/IconServices
0x000000004ad4b000 	/System/Library/PrivateFrameworks/ProtocolBuffer.framework/Versions/A/ProtocolBuffer
0x000000004ad4b000 	/System/Library/PrivateFrameworks/Apple80211.framework/Versions/A/Apple80211
0x000000004ad4b000 	/System/Library/Frameworks/CoreWLAN.framework/Versions/A/CoreWLAN
0x000000004ad4b000 	/System/Library/PrivateFrameworks/CoreUtils.framework/Versions/A/CoreUtils
0x000000004ad4b000 	/System/Library/Frameworks/IOBluetooth.framework/Versions/A/IOBluetooth
0x000000004ad4b000 	/System/Library/PrivateFrameworks/CoreWiFi.framework/Versions/A/CoreWiFi
0x000000004ad4b000 	/System/Library/Frameworks/CoreBluetooth.framework/Versions/A/CoreBluetooth
0x000000004ad4b000 	/System/Library/Frameworks/CoreDisplay.framework/Versions/A/CoreDisplay
0x000000004ad4b000 	/System/Library/PrivateFrameworks/IOPresentment.framework/Versions/A/IOPresentment
0x000000004ad4b000 	/System/Library/PrivateFrameworks/DebugSymbols.framework/Versions/A/DebugSymbols
0x000000004ad4b000 	/System/Library/PrivateFrameworks/CoreSymbolication.framework/Versions/A/CoreSymbolication
0x000000004ad4b000 	/System/Library/PrivateFrameworks/Symbolication.framework/Versions/A/Symbolication
0x000000004ad4b000 	/System/Library/PrivateFrameworks/AppleFSCompression.framework/Versions/A/AppleFSCompression
0x000000004ad4b000 	/System/Library/PrivateFrameworks/SpeechRecognitionCore.framework/Versions/A/SpeechRecognitionCore
0x000000004ad4b000 	/System/Library/PrivateFrameworks/ChunkingLibrary.framework/Versions/A/ChunkingLibrary
0x000000010c600000 	/Library/Java/JavaVirtualMachines/jdk1.8.0_20.jdk/Contents/Home/jre/lib/server/libjvm.dylib
0x000000004ad4b000 	/usr/lib/libstdc++.6.dylib
0x000000010b4b4000 	/Library/Java/JavaVirtualMachines/jdk1.8.0_20.jdk/Contents/Home/jre/lib/libverify.dylib
0x000000010b4c2000 	/Library/Java/JavaVirtualMachines/jdk1.8.0_20.jdk/Contents/Home/jre/lib/libjava.dylib
0x000000010b500000 	/Library/Java/JavaVirtualMachines/jdk1.8.0_20.jdk/Contents/Home/jre/lib/libzip.dylib
0x00000001114da000 	/System/Library/Frameworks/JavaVM.framework/Frameworks/JavaRuntimeSupport.framework/JavaRuntimeSupport
0x00000001114f4000 	/System/Library/Frameworks/JavaVM.framework/Versions/A/Frameworks/JavaNativeFoundation.framework/Versions/A/JavaNativeFoundation
0x0000000111509000 	/System/Library/Frameworks/JavaVM.framework/Versions/A/JavaVM
0x000000004ad4b000 	/System/Library/Frameworks/Carbon.framework/Versions/A/Carbon
0x0000000111516000 	/System/Library/PrivateFrameworks/JavaLaunching.framework/Versions/A/JavaLaunching
0x000000004ad4b000 	/System/Library/Frameworks/Carbon.framework/Versions/A/Frameworks/CommonPanels.framework/Versions/A/CommonPanels
0x000000004ad4b000 	/System/Library/Frameworks/Carbon.framework/Versions/A/Frameworks/Help.framework/Versions/A/Help
0x000000004ad4b000 	/System/Library/Frameworks/Carbon.framework/Versions/A/Frameworks/ImageCapture.framework/Versions/A/ImageCapture
0x000000004ad4b000 	/System/Library/Frameworks/Carbon.framework/Versions/A/Frameworks/OpenScripting.framework/Versions/A/OpenScripting
0x000000004ad4b000 	/System/Library/Frameworks/Carbon.framework/Versions/A/Frameworks/Print.framework/Versions/A/Print
0x000000004ad4b000 	/System/Library/Frameworks/Carbon.framework/Versions/A/Frameworks/SecurityHI.framework/Versions/A/SecurityHI
0x0000000112e50000 	/Library/Java/JavaVirtualMachines/jdk1.8.0_20.jdk/Contents/Home/jre/lib/libnet.dylib
0x0000000112ef4000 	/Library/Java/JavaVirtualMachines/jdk1.8.0_20.jdk/Contents/Home/jre/lib/libawt.dylib
0x0000000112fa3000 	/Library/Java/JavaVirtualMachines/jdk1.8.0_20.jdk/Contents/Home/jre/lib/./libmlib_image.dylib
0x000000011306f000 	/Library/Java/JavaVirtualMachines/jdk1.8.0_20.jdk/Contents/Home/jre/lib/libawt_lwawt.dylib
0x0000000113122000 	/Library/Java/JavaVirtualMachines/jdk1.8.0_20.jdk/Contents/Home/jre/lib/./libosxapp.dylib
0x000000004ad4b000 	/System/Library/Frameworks/ExceptionHandling.framework/Versions/A/ExceptionHandling
0x000000004ad4b000 	/System/Library/PrivateFrameworks/CoreServicesInternal.framework/Versions/A/CoreServicesInternal
0x000000004ad4b000 	/System/Library/CoreServices/RawCamera.bundle/Contents/MacOS/RawCamera
0x000000004ad4b000 	/System/Library/Frameworks/Accelerate.framework/Versions/A/Frameworks/vImage.framework/Versions/A/Libraries/libCGInterfaces.dylib
0x000000004ad4b000 	/System/Library/Frameworks/ApplicationServices.framework/Versions/A/Frameworks/ATS.framework/Versions/A/Resources/libTrueTypeScaler.dylib
0x000000004ad4b000 	/System/Library/Frameworks/OpenGL.framework/Versions/A/Resources/GLEngine.bundle/GLEngine
0x000000004ad4b000 	/System/Library/Frameworks/OpenGL.framework/Versions/A/Libraries/libGLProgrammability.dylib
0x000000012c07f000 	/System/Library/Extensions/AppleIntelHD5000GraphicsGLDriver.bundle/Contents/MacOS/AppleIntelHD5000GraphicsGLDriver
0x000000004ad4b000 	/System/Library/PrivateFrameworks/GPUSupport.framework/Versions/A/Libraries/libGPUSupportMercury.dylib
0x000000004ad4b000 	/System/Library/Extensions/GeForceGLDriver.bundle/Contents/MacOS/GeForceGLDriver
0x000000004ad4b000 	/System/Library/Extensions/GeForceGLDriver.bundle/Contents/MacOS/libclh.dylib
0x000000004ad4b000 	/System/Library/Frameworks/OpenGL.framework/Versions/A/Resources/GLRendererFloat.bundle/GLRendererFloat
0x000000004ad4b000 	/System/Library/Frameworks/OpenCL.framework/Versions/A/Libraries/libcldcpuengine.dylib
0x000000004ad4b000 	/usr/lib/libcrypto.0.9.8.dylib
0x000000004ad4b000 	/System/Library/PrivateFrameworks/TrustEvaluationAgent.framework/Versions/A/TrustEvaluationAgent
0x000000004ad4b000 	/System/Library/Extensions/GeForceMTLDriver.bundle/Contents/MacOS/GeForceMTLDriver
0x000000012c811000 	/System/Library/Extensions/AppleIntelHD5000GraphicsMTLDriver.bundle/Contents/MacOS/AppleIntelHD5000GraphicsMTLDriver
0x000000004ad4b000 	/System/Library/PrivateFrameworks/FamilyControls.framework/Versions/A/FamilyControls
0x000000004ad4b000 	/System/Library/PrivateFrameworks/CommerceKit.framework/Versions/A/Frameworks/CommerceCore.framework/Versions/A/CommerceCore
0x000000004ad4b000 	/System/Library/PrivateFrameworks/SystemAdministration.framework/Versions/A/SystemAdministration
0x000000004ad4b000 	/System/Library/PrivateFrameworks/AppContainer.framework/Versions/A/AppContainer
0x000000004ad4b000 	/System/Library/PrivateFrameworks/SecCodeWrapper.framework/Versions/A/SecCodeWrapper
0x000000004ad4b000 	/System/Library/Frameworks/DirectoryService.framework/Versions/A/DirectoryService
0x000000004ad4b000 	/System/Library/PrivateFrameworks/DiskImages.framework/Versions/A/DiskImages
0x000000004ad4b000 	/System/Library/PrivateFrameworks/LoginUIKit.framework/Versions/A/Frameworks/LoginUICore.framework/Versions/A/LoginUICore
0x000000004ad4b000 	/usr/lib/libCoreStorage.dylib
0x000000004ad4b000 	/usr/lib/libcsfde.dylib
0x000000004ad4b000 	/usr/lib/libodfde.dylib
0x000000004ad4b000 	/System/Library/Frameworks/DiscRecording.framework/Versions/A/DiscRecording
0x000000004ad4b000 	/usr/lib/libcurl.4.dylib
0x000000004ad4b000 	/System/Library/PrivateFrameworks/MediaKit.framework/Versions/A/MediaKit
0x000000004ad4b000 	/System/Library/PrivateFrameworks/ProtectedCloudStorage.framework/Versions/A/ProtectedCloudStorage
0x000000004ad4b000 	/System/Library/PrivateFrameworks/EFILogin.framework/Versions/A/EFILogin
0x000000004ad4b000 	/usr/lib/libutil.dylib
0x000000004ad4b000 	/System/Library/Frameworks/LDAP.framework/Versions/A/LDAP
0x000000004ad4b000 	/usr/lib/libsasl2.2.dylib
0x000000004ad4b000 	/System/Library/PrivateFrameworks/CoreDaemon.framework/Versions/B/CoreDaemon
0x000000004ad4b000 	/System/Library/PrivateFrameworks/AppleSRP.framework/Versions/A/AppleSRP
0x000000004ad4b000 	/System/Library/PrivateFrameworks/APFS.framework/Versions/A/APFS
0x000000004ad4b000 	/System/Library/PrivateFrameworks/ViewBridge.framework/Versions/A/ViewBridge
0x000000004ad4b000 	/System/Library/PrivateFrameworks/XPCService.framework/Versions/A/XPCService
0x000000004ad4b000 	/System/Library/PrivateFrameworks/AppSandbox.framework/Versions/A/AppSandbox
0x000000004ad4b000 	/usr/lib/libsandbox.1.dylib
0x000000004ad4b000 	/usr/lib/libMatch.1.dylib
0x000000012e895000 	/Library/Java/JavaVirtualMachines/jdk1.8.0_20.jdk/Contents/Home/jre/lib/libfontmanager.dylib
0x000000012f018000 	/Library/Java/JavaVirtualMachines/jdk1.8.0_20.jdk/Contents/Home/jre/lib/libosxui.dylib
0x0000000131d45000 	/Library/Java/JavaVirtualMachines/jdk1.8.0_20.jdk/Contents/Home/jre/lib/libnio.dylib
0x000000004ad4b000 	/System/Library/PrivateFrameworks/CloudDocs.framework/Versions/A/CloudDocs
0x000000004ad4b000 	/System/Library/Frameworks/CloudKit.framework/Versions/A/CloudKit
0x000000004ad4b000 	/System/Library/PrivateFrameworks/MMCS.framework/Versions/A/MMCS
0x000000004ad4b000 	/System/Library/Frameworks/CoreLocation.framework/Versions/A/CoreLocation
0x000000004ad4b000 	/System/Library/PrivateFrameworks/AssetCacheServices.framework/Versions/A/AssetCacheServices
0x000000004ad4b000 	/System/Library/PrivateFrameworks/GeoServices.framework/Versions/A/GeoServices
0x0000000140da3000 	/Library/Java/JavaVirtualMachines/jdk1.8.0_20.jdk/Contents/Home/jre/lib/libdcpr.dylib
0x0000000140dd1000 	/Users/Ihcrul/Development/repositories/UPC-MAI-IMAS/Implementation/mas-skeleton/libjniortools.jnilib
0x0000000140fa1000 	/Users/Ihcrul/Development/repositories/UPC-MAI-IMAS/Implementation/mas-skeleton/libortools.dylib
0x0000000143628000 	/Library/Java/JavaVirtualMachines/jdk1.8.0_20.jdk/Contents/Home/jre/lib/libjpeg.dylib

VM Arguments:
jvm_args: -Dfile.encoding=UTF-8 
java_command: jade.Boot -gui SystemAgent:cat.urv.imas.agent.SystemAgent;
java_class_path (initial): /Users/Ihcrul/Development/repositories/UPC-MAI-IMAS/Implementation/mas-skeleton/lib/jade.jar:/Users/Ihcrul/Development/repositories/UPC-MAI-IMAS/Implementation/mas-skeleton/lib/commons-codec/commons-codec-1.3.jar:/Users/Ihcrul/Development/repositories/UPC-MAI-IMAS/Implementation/mas-skeleton/lib/jgrapht-core-1.0.0.jar:/Users/Ihcrul/Development/repositories/UPC-MAI-IMAS/Implementation/mas-skeleton/lib/com.google.ortools.jar:/Users/Ihcrul/Development/repositories/UPC-MAI-IMAS/Implementation/mas-skeleton/lib/protobuf-java-3.1.0.jar:/Users/Ihcrul/Development/repositories/UPC-MAI-IMAS/Implementation/mas-skeleton/build/classes
Launcher Type: SUN_STANDARD

Environment Variables:
PATH=/usr/bin:/bin:/usr/sbin:/sbin
LD_LIBRARY_PATH=/Library/Java/JavaVirtualMachines/jdk1.8.0_20.jdk/Contents/Home/jre/lib/amd64:/Library/Java/JavaVirtualMachines/jdk1.8.0_20.jdk/Contents/Home/jre/lib/i386:
SHELL=/bin/bash
DISPLAY=/private/tmp/com.apple.launchd.zfFvrnJ2cD/org.macosforge.xquartz:0

Signal Handlers:
SIGSEGV: [libjvm.dylib+0x578fd7], sa_mask[0]=11111111011111110111111111111111, sa_flags=SA_ONSTACK|SA_RESTART|SA_SIGINFO
SIGBUS: [libjvm.dylib+0x578fd7], sa_mask[0]=11111111011111110111111111111111, sa_flags=SA_RESTART|SA_SIGINFO
SIGFPE: [libjvm.dylib+0x45ab0c], sa_mask[0]=11111111011111110111111111111111, sa_flags=SA_RESTART|SA_SIGINFO
SIGPIPE: [libjvm.dylib+0x45ab0c], sa_mask[0]=11111111011111110111111111111111, sa_flags=SA_RESTART|SA_SIGINFO
SIGXFSZ: [libjvm.dylib+0x45ab0c], sa_mask[0]=11111111011111110111111111111111, sa_flags=SA_RESTART|SA_SIGINFO
SIGILL: [libjvm.dylib+0x45ab0c], sa_mask[0]=11111111011111110111111111111111, sa_flags=SA_RESTART|SA_SIGINFO
SIGUSR1: SIG_DFL, sa_mask[0]=00000000000000000000000000000000, sa_flags=none
SIGUSR2: [libjvm.dylib+0x45a62a], sa_mask[0]=00100000000000000000000000000000, sa_flags=SA_RESTART|SA_SIGINFO
SIGHUP: [libjvm.dylib+0x458bfd], sa_mask[0]=11111111011111110111111111111111, sa_flags=SA_RESTART|SA_SIGINFO
SIGINT: SIG_IGN, sa_mask[0]=00000000000000000000000000000000, sa_flags=none
SIGTERM: [libjvm.dylib+0x458bfd], sa_mask[0]=11111111011111110111111111111111, sa_flags=SA_RESTART|SA_SIGINFO
SIGQUIT: [libjvm.dylib+0x458bfd], sa_mask[0]=11111111011111110111111111111111, sa_flags=SA_RESTART|SA_SIGINFO


---------------  S Y S T E M  ---------------

OS:Bsduname:Darwin 16.1.0 Darwin Kernel Version 16.1.0: Wed Oct 19 20:31:56 PDT 2016; root:xnu-3789.21.4~4/RELEASE_X86_64 x86_64
rlimit: STACK 8192k, CORE 0k, NPROC 709, NOFILE 10240, AS infinity
load average:2.55 2.12 2.18

CPU:total 8 (4 cores per cpu, 2 threads per core) family 6 model 70 stepping 1, cmov, cx8, fxsr, mmx, sse, sse2, sse3, ssse3, sse4.1, sse4.2, popcnt, avx, avx2, aes, clmul, erms, rtm, lzcnt, ht, tsc, tscinvbit, bmi1, bmi2

Memory: 4k page, physical 16777216k(2628412k free)

/proc/meminfo:


vm_info: Java HotSpot(TM) 64-Bit Server VM (25.20-b23) for bsd-amd64 JRE (1.8.0_20-b26), built on Jul 30 2014 13:37:47 by "java_re" with gcc 4.2.1 (Based on Apple Inc. build 5658) (LLVM build 2336.9.00)

time: Fri Dec 16 18:40:10 2016
elapsed time: 6 seconds (0d 0h 0m 6s)

